{
  "start": "2023-09-25T16:35:30.604Z",
  "end": "2023-09-25T16:36:01.099Z",
  "capabilities": {
    "platform": "LINUX",
    "webStorageEnabled": false,
    "takesScreenshot": true,
    "javascriptEnabled": true,
    "databaseEnabled": false,
    "networkConnectionEnabled": true,
    "locationContextEnabled": false,
    "warnings": {},
    "desired": {
      "platformName": "Android",
      "platformVersion": "13",
      "automationName": "UIAutomator2",
      "appPackage": "com.instagram.android",
      "appActivity": "com.instagram.mainactivity.MainActivity",
      "noReset": true,
      "autoGrantPermissions": true,
      "forceAppLaunch": true
    },
    "platformName": "Android",
    "platformVersion": "13",
    "automationName": "UIAutomator2",
    "appPackage": "com.instagram.android",
    "appActivity": "com.instagram.mainactivity.MainActivity",
    "noReset": true,
    "autoGrantPermissions": true,
    "forceAppLaunch": true,
    "deviceName": "ZTQCQ499SS4DYLLB",
    "deviceUDID": "ZTQCQ499SS4DYLLB",
    "deviceApiLevel": 33,
    "deviceScreenSize": "1080x2400",
    "deviceScreenDensity": 440,
    "deviceModel": "2201116TG",
    "deviceManufacturer": "Xiaomi",
    "pixelRatio": 2.75,
    "statBarHeight": 93,
    "viewportRect": {
      "left": 0,
      "top": 93,
      "width": 1080,
      "height": 2214
    },
    "sessionId": "c77b7fd6-9321-421c-8132-54b066cb0d69"
  },
  "host": "0.0.0.0",
  "port": 4723,
  "baseUrl": "",
  "framework": "mocha",
  "duration": 30495,
  "suites": [
    {
      "title": "Send Direct Message",
      "duration": 30258,
      "start": "2023-09-25T16:35:30.607Z",
      "end": "2023-09-25T16:36:00.865Z",
      "tests": [
        {
          "title": "Send image message",
          "start": "2023-09-25T16:35:30.607Z",
          "end": "2023-09-25T16:36:00.864Z",
          "duration": 30257,
          "state": "passed",
          "screenshots": []
        }
      ],
      "hooks": []
    }
  ],
  "specs": [
    "file:///C:/Users/arrif/OneDrive/Dokumen/SanberCode/appium-instagram/tests/specs/sendMessage.spec.js"
  ],
  "state": {
    "passed": 1,
    "failed": 0,
    "skipped": 0
  }
}